Using pre-set license
Built from '2020.3/release' branch; Version is '2020.3.15f2 (6cf78cb77498) revision 7141260'; Using compiler version '192528614'; Build Type 'Release'
OS: 'Windows 10 Pro; OS build 19043.1165; Version 2009; 64bit' Language: 'en' Physical Memory: 32702 MB
BatchMode: 1, IsHumanControllingUs: 0, StartBugReporterOnCrash: 0, Is64bit: 1, IsPro: 0

 COMMAND LINE ARGUMENTS:
D:\Unity\2020.3.15f2\Editor\Unity.exe
-adb2
-batchMode
-noUpm
-name
AssetImportWorker0
-projectPath
D:/RossoGames/Unity/_Others/Zombies
-logFile
Logs/AssetImportWorker0.log
-srvPort
50784
Successfully changed project path to: D:/RossoGames/Unity/_Others/Zombies
D:/RossoGames/Unity/_Others/Zombies
Using Asset Import Pipeline V2.
Refreshing native plugins compatible for Editor in 26.94 ms, found 2 plugins.
Preloading 0 native plugins for Editor in 0.00 ms.
Initialize engine version: 2020.3.15f2 (6cf78cb77498)
[Subsystems] Discovering subsystems at path D:/Unity/2020.3.15f2/Editor/Data/Resources/UnitySubsystems
[Subsystems] Discovering subsystems at path D:/RossoGames/Unity/_Others/Zombies/Assets
GfxDevice: creating device client; threaded=0
Direct3D:
    Version:  Direct3D 11.0 [level 11.1]
    Renderer: NVIDIA GeForce RTX 2060 (ID=0x1f08)
    Vendor:   
    VRAM:     5980 MB
    Driver:   27.21.14.6677
Initialize mono
Mono path[0] = 'D:/Unity/2020.3.15f2/Editor/Data/Managed'
Mono path[1] = 'D:/Unity/2020.3.15f2/Editor/Data/MonoBleedingEdge/lib/mono/unityjit'
Mono config path = 'D:/Unity/2020.3.15f2/Editor/Data/MonoBleedingEdge/etc'
Using monoOptions --debugger-agent=transport=dt_socket,embedding=1,server=y,suspend=n,address=127.0.0.1:56596
Begin MonoManager ReloadAssembly
Registering precompiled unity dll's ...
Register platform support module: D:/Unity/2020.3.15f2/Editor/Data/PlaybackEngines/WebGLSupport/UnityEditor.WebGL.Extensions.dll
Register platform support module: D:/Unity/2020.3.15f2/Editor/Data/PlaybackEngines/WindowsStandaloneSupport/UnityEditor.WindowsStandalone.Extensions.dll
Registered in 0.001104 seconds.
Native extension for WindowsStandalone target not found
Native extension for WebGL target not found
Refreshing native plugins compatible for Editor in 26.50 ms, found 2 plugins.
Preloading 0 native plugins for Editor in 0.00 ms.
Mono: successfully reloaded assembly
- Completed reload, in  0.902 seconds
Domain Reload Profiling:
	ReloadAssembly (903ms)
		BeginReloadAssembly (45ms)
			ExecutionOrderSort (0ms)
			DisableScriptedObjects (0ms)
			BackupInstance (0ms)
			ReleaseScriptingObjects (0ms)
			CreateAndSetChildDomain (1ms)
		EndReloadAssembly (361ms)
			LoadAssemblies (44ms)
			RebuildTransferFunctionScriptingTraits (0ms)
			SetupTypeCache (130ms)
			ReleaseScriptCaches (0ms)
			RebuildScriptCaches (32ms)
			SetupLoadedEditorAssemblies (140ms)
				LogAssemblyErrors (0ms)
				InitializePlatformSupportModulesInManaged (4ms)
				SetLoadedEditorAssemblies (0ms)
				RefreshPlugins (27ms)
				BeforeProcessingInitializeOnLoad (13ms)
				ProcessInitializeOnLoadAttributes (72ms)
				ProcessInitializeOnLoadMethodAttributes (24ms)
				AfterProcessingInitializeOnLoad (0ms)
				EditorAssembliesLoaded (0ms)
			ExecutionOrderSort2 (0ms)
			AwakeInstancesAfterBackupRestoration (0ms)
Platform modules already initialized, skipping
Registering precompiled user dll's ...
Registered in 0.002349 seconds.
Begin MonoManager ReloadAssembly
Native extension for WindowsStandalone target not found
Native extension for WebGL target not found
Refreshing native plugins compatible for Editor in 0.32 ms, found 2 plugins.
Preloading 0 native plugins for Editor in 0.00 ms.
Mono: successfully reloaded assembly
- Completed reload, in  0.953 seconds
Domain Reload Profiling:
	ReloadAssembly (954ms)
		BeginReloadAssembly (122ms)
			ExecutionOrderSort (0ms)
			DisableScriptedObjects (4ms)
			BackupInstance (0ms)
			ReleaseScriptingObjects (0ms)
			CreateAndSetChildDomain (16ms)
		EndReloadAssembly (783ms)
			LoadAssemblies (70ms)
			RebuildTransferFunctionScriptingTraits (0ms)
			SetupTypeCache (222ms)
			ReleaseScriptCaches (0ms)
			RebuildScriptCaches (41ms)
			SetupLoadedEditorAssemblies (369ms)
				LogAssemblyErrors (0ms)
				InitializePlatformSupportModulesInManaged (5ms)
				SetLoadedEditorAssemblies (0ms)
				RefreshPlugins (0ms)
				BeforeProcessingInitializeOnLoad (87ms)
				ProcessInitializeOnLoadAttributes (270ms)
				ProcessInitializeOnLoadMethodAttributes (3ms)
				AfterProcessingInitializeOnLoad (2ms)
				EditorAssembliesLoaded (0ms)
			ExecutionOrderSort2 (0ms)
			AwakeInstancesAfterBackupRestoration (6ms)
Platform modules already initialized, skipping
========================================================================
Worker process is ready to serve import requests
Launched and connected shader compiler UnityShaderCompiler.exe after 0.06 seconds
Refreshing native plugins compatible for Editor in 0.31 ms, found 2 plugins.
Preloading 0 native plugins for Editor in 0.00 ms.
Unloading 1396 Unused Serialized files (Serialized files now loaded: 0)
System memory in use before: 66.1 MB.
System memory in use after: 66.1 MB.

Unloading 19 unused Assets to reduce memory usage. Loaded Objects now: 1829.
Total: 2.206500 ms (FindLiveObjects: 0.135300 ms CreateObjectMapping: 0.031600 ms MarkObjects: 1.934100 ms  DeleteObjects: 0.104200 ms)

AssetImportParameters requested are different than current active one (requested -> active):
  custom:framework-win-MediaFoundation: 216162199b28c13a410421893ffa2e32 -> 
  custom:video-decoder-ogg-theora: a1e56fd34408186e4bbccfd4996cb3dc -> 
  custom:container-muxer-webm: aa71ff27fc2769a1b78a27578f13a17b -> 
  custom:container-demuxer-webm: 4f35f7cbe854078d1ac9338744f61a02 -> 
  custom:container-demuxer-ogg: 62fdf1f143b41e24485cea50d1cbac27 -> 
  custom:video-encoder-webm-vp8: eb34c28f22e8b96e1ab97ce403110664 -> 
  custom:video-decoder-webm-vp8: 9c59270c3fd7afecdb556c50c9e8de78 -> 
  custom:audio-decoder-ogg-vorbis: bf7c407c2cedff20999df2af8eb42d56 -> 
  custom:audio-encoder-webm-vorbis: bf7c407c2cedff20999df2af8eb42d56 -> 
========================================================================
Received Import Request.
  path: Assets/Prefab/Room.prefab
  artifactKey: Guid(6633cd4d7cea36f46ae6b2646ad80d41) Importer(815301076,1909f56bfc062723c751e8b465ee728b)
Start importing Assets/Prefab/Room.prefab using Guid(6633cd4d7cea36f46ae6b2646ad80d41) Importer(815301076,1909f56bfc062723c751e8b465ee728b)  -> (artifact id: '634f3d3c39109a6e9536b33f68582dd5') in 0.136154 seconds 
  Import took 0.138979 seconds .

========================================================================
Received Import Request.
  Time since last request: 90.129555 seconds.
  path: Assets/Prefab/Room.prefab
  artifactKey: Guid(6633cd4d7cea36f46ae6b2646ad80d41) Importer(815301076,1909f56bfc062723c751e8b465ee728b)
Start importing Assets/Prefab/Room.prefab using Guid(6633cd4d7cea36f46ae6b2646ad80d41) Importer(815301076,1909f56bfc062723c751e8b465ee728b)  -> (artifact id: '99d28973b3b4c3e16a5de7db32a1e36a') in 0.047324 seconds 
  Import took 0.050668 seconds .

========================================================================
Received Import Request.
  Time since last request: 191.837399 seconds.
  path: Assets/Prefab/Room.prefab
  artifactKey: Guid(6633cd4d7cea36f46ae6b2646ad80d41) Importer(815301076,1909f56bfc062723c751e8b465ee728b)
Start importing Assets/Prefab/Room.prefab using Guid(6633cd4d7cea36f46ae6b2646ad80d41) Importer(815301076,1909f56bfc062723c751e8b465ee728b)  -> (artifact id: '1c62a0269198053ab72abb529b9a277d') in 0.074312 seconds 
  Import took 0.078671 seconds .

========================================================================
Received Import Request.
  Time since last request: 171.268855 seconds.
  path: Assets/Prefab/Room.prefab
  artifactKey: Guid(6633cd4d7cea36f46ae6b2646ad80d41) Importer(815301076,1909f56bfc062723c751e8b465ee728b)
Start importing Assets/Prefab/Room.prefab using Guid(6633cd4d7cea36f46ae6b2646ad80d41) Importer(815301076,1909f56bfc062723c751e8b465ee728b)  -> (artifact id: 'dba851534913311260184859508711b6') in 0.041095 seconds 
  Import took 0.045597 seconds .

========================================================================
Received Import Request.
  Time since last request: 34.109142 seconds.
  path: Assets/Prefab/Room.prefab
  artifactKey: Guid(6633cd4d7cea36f46ae6b2646ad80d41) Importer(815301076,1909f56bfc062723c751e8b465ee728b)
Start importing Assets/Prefab/Room.prefab using Guid(6633cd4d7cea36f46ae6b2646ad80d41) Importer(815301076,1909f56bfc062723c751e8b465ee728b)  -> (artifact id: '4b89632ff4fbe3994550d582ce4325e2') in 0.076000 seconds 
  Import took 0.080364 seconds .

========================================================================
Received Import Request.
  Time since last request: 39.456910 seconds.
  path: Assets/Prefab/Room.prefab
  artifactKey: Guid(6633cd4d7cea36f46ae6b2646ad80d41) Importer(815301076,1909f56bfc062723c751e8b465ee728b)
Start importing Assets/Prefab/Room.prefab using Guid(6633cd4d7cea36f46ae6b2646ad80d41) Importer(815301076,1909f56bfc062723c751e8b465ee728b)  -> (artifact id: 'c2a761054fd6349566a97b4807d5492e') in 0.073772 seconds 
  Import took 0.078042 seconds .

========================================================================
Received Import Request.
  Time since last request: 13.663557 seconds.
  path: Assets/Prefab/Room.prefab
  artifactKey: Guid(6633cd4d7cea36f46ae6b2646ad80d41) Importer(815301076,1909f56bfc062723c751e8b465ee728b)
Start importing Assets/Prefab/Room.prefab using Guid(6633cd4d7cea36f46ae6b2646ad80d41) Importer(815301076,1909f56bfc062723c751e8b465ee728b)  -> (artifact id: '013c47c93ee62a896cdd90457fc0b928') in 0.076617 seconds 
  Import took 0.080831 seconds .

========================================================================
Received Import Request.
  Time since last request: 54.024118 seconds.
  path: Assets/Prefab/Room.prefab
  artifactKey: Guid(6633cd4d7cea36f46ae6b2646ad80d41) Importer(815301076,1909f56bfc062723c751e8b465ee728b)
Start importing Assets/Prefab/Room.prefab using Guid(6633cd4d7cea36f46ae6b2646ad80d41) Importer(815301076,1909f56bfc062723c751e8b465ee728b)  -> (artifact id: '1d9a30762545377f26b4e3b211c95990') in 0.071707 seconds 
  Import took 0.075971 seconds .

========================================================================
Received Import Request.
  Time since last request: 252.533012 seconds.
  path: Assets/Prefab/Room.prefab
  artifactKey: Guid(6633cd4d7cea36f46ae6b2646ad80d41) Importer(815301076,1909f56bfc062723c751e8b465ee728b)
Start importing Assets/Prefab/Room.prefab using Guid(6633cd4d7cea36f46ae6b2646ad80d41) Importer(815301076,1909f56bfc062723c751e8b465ee728b)  -> (artifact id: 'f6a58cec02c5675bee6e84c67c23e8f3') in 0.035841 seconds 
  Import took 0.040144 seconds .

========================================================================
Received Import Request.
  Time since last request: 42.484072 seconds.
  path: Assets/Prefab/Room.prefab
  artifactKey: Guid(6633cd4d7cea36f46ae6b2646ad80d41) Importer(815301076,1909f56bfc062723c751e8b465ee728b)
Start importing Assets/Prefab/Room.prefab using Guid(6633cd4d7cea36f46ae6b2646ad80d41) Importer(815301076,1909f56bfc062723c751e8b465ee728b)  -> (artifact id: 'b5f3aed2589227d48865d8e767951a8e') in 0.072924 seconds 
  Import took 0.077351 seconds .

========================================================================
Received Import Request.
  Time since last request: 20.665263 seconds.
  path: Assets/Prefab/Room.prefab
  artifactKey: Guid(6633cd4d7cea36f46ae6b2646ad80d41) Importer(815301076,1909f56bfc062723c751e8b465ee728b)
Start importing Assets/Prefab/Room.prefab using Guid(6633cd4d7cea36f46ae6b2646ad80d41) Importer(815301076,1909f56bfc062723c751e8b465ee728b)  -> (artifact id: 'a5d78367eb5854236318a720679bf412') in 0.034929 seconds 
  Import took 0.039394 seconds .

========================================================================
Received Import Request.
  Time since last request: 3.610040 seconds.
  path: Assets/Prefab/Room.prefab
  artifactKey: Guid(6633cd4d7cea36f46ae6b2646ad80d41) Importer(815301076,1909f56bfc062723c751e8b465ee728b)
Start importing Assets/Prefab/Room.prefab using Guid(6633cd4d7cea36f46ae6b2646ad80d41) Importer(815301076,1909f56bfc062723c751e8b465ee728b)  -> (artifact id: 'd60d87d1c33b56c2154c289b80a4f0e5') in 0.044525 seconds 
  Import took 0.049015 seconds .

========================================================================
Received Import Request.
  Time since last request: 29.232715 seconds.
  path: Assets/Prefab/Room.prefab
  artifactKey: Guid(6633cd4d7cea36f46ae6b2646ad80d41) Importer(815301076,1909f56bfc062723c751e8b465ee728b)
Start importing Assets/Prefab/Room.prefab using Guid(6633cd4d7cea36f46ae6b2646ad80d41) Importer(815301076,1909f56bfc062723c751e8b465ee728b)  -> (artifact id: 'fabef5370d78bab43949120b2e70d922') in 0.070484 seconds 
  Import took 0.076058 seconds .

========================================================================
Received Import Request.
  Time since last request: 929.667811 seconds.
  path: Assets/Prefab/Room2.prefab
  artifactKey: Guid(23d13155a4d06f14f8ecbbb1404abc90) Importer(815301076,1909f56bfc062723c751e8b465ee728b)
Start importing Assets/Prefab/Room2.prefab using Guid(23d13155a4d06f14f8ecbbb1404abc90) Importer(815301076,1909f56bfc062723c751e8b465ee728b)  -> (artifact id: 'a92770f421714dc11f00bfd5453de966') in 0.081995 seconds 
  Import took 0.087177 seconds .

========================================================================
Received Import Request.
  Time since last request: 297.903141 seconds.
  path: Assets/Prefab/Room2.prefab
  artifactKey: Guid(23d13155a4d06f14f8ecbbb1404abc90) Importer(815301076,1909f56bfc062723c751e8b465ee728b)
Start importing Assets/Prefab/Room2.prefab using Guid(23d13155a4d06f14f8ecbbb1404abc90) Importer(815301076,1909f56bfc062723c751e8b465ee728b)  -> (artifact id: '2fa6a038f5a589180f4a35954c3219bd') in 0.051159 seconds 
  Import took 0.057524 seconds .

========================================================================
Received Import Request.
  Time since last request: 15.278756 seconds.
  path: Assets/Prefab/Room2.prefab
  artifactKey: Guid(23d13155a4d06f14f8ecbbb1404abc90) Importer(815301076,1909f56bfc062723c751e8b465ee728b)
Start importing Assets/Prefab/Room2.prefab using Guid(23d13155a4d06f14f8ecbbb1404abc90) Importer(815301076,1909f56bfc062723c751e8b465ee728b)  -> (artifact id: 'fcf244331f21827468a6e9e35320f40d') in 0.049068 seconds 
  Import took 0.053982 seconds .

========================================================================
Received Import Request.
  Time since last request: 33.154640 seconds.
  path: Assets/Prefab/Room2.prefab
  artifactKey: Guid(23d13155a4d06f14f8ecbbb1404abc90) Importer(815301076,1909f56bfc062723c751e8b465ee728b)
Start importing Assets/Prefab/Room2.prefab using Guid(23d13155a4d06f14f8ecbbb1404abc90) Importer(815301076,1909f56bfc062723c751e8b465ee728b)  -> (artifact id: '03df5982d9a4ccfa6726ae5a3ba74282') in 0.074861 seconds 
  Import took 0.079363 seconds .

========================================================================
Received Import Request.
  Time since last request: 478.643784 seconds.
  path: Assets/Cartoon_Texture_Pack/DIRT/Dirt_Path/Materials/Dirt_Path.mat
  artifactKey: Guid(1cef938def0b527469f8ef0720c534dc) Importer(815301076,1909f56bfc062723c751e8b465ee728b)
Start importing Assets/Cartoon_Texture_Pack/DIRT/Dirt_Path/Materials/Dirt_Path.mat using Guid(1cef938def0b527469f8ef0720c534dc) Importer(815301076,1909f56bfc062723c751e8b465ee728b)  -> (artifact id: '2a4318ac3dff2f6d239340f853a410df') in 0.144236 seconds 
  Import took 0.147508 seconds .

========================================================================
Received Import Request.
  Time since last request: 5.613218 seconds.
  path: Assets/Cartoon_Texture_Pack/GRASS/GRASS_Dense/GRASS_Dense_Tint_01/Materials/Grass_Dense_Tint_01_Base_A.mat
  artifactKey: Guid(f9a94780aa94b7c4985400ab0bedcdbb) Importer(815301076,1909f56bfc062723c751e8b465ee728b)
Start importing Assets/Cartoon_Texture_Pack/GRASS/GRASS_Dense/GRASS_Dense_Tint_01/Materials/Grass_Dense_Tint_01_Base_A.mat using Guid(f9a94780aa94b7c4985400ab0bedcdbb) Importer(815301076,1909f56bfc062723c751e8b465ee728b)  -> (artifact id: '474a20c574c364dbafef339a4e140155') in 0.100844 seconds 
  Import took 0.104120 seconds .

========================================================================
Received Import Request.
  Time since last request: 0.000292 seconds.
  path: Assets/Cartoon_Texture_Pack/GRASS/GRASS_Dense/GRASS_Dense_Tint_01/Materials/Grass_Dense_Tint_01_Leaves_B.mat
  artifactKey: Guid(1840c20d50626ce4ab8618ff839493c5) Importer(815301076,1909f56bfc062723c751e8b465ee728b)
Start importing Assets/Cartoon_Texture_Pack/GRASS/GRASS_Dense/GRASS_Dense_Tint_01/Materials/Grass_Dense_Tint_01_Leaves_B.mat using Guid(1840c20d50626ce4ab8618ff839493c5) Importer(815301076,1909f56bfc062723c751e8b465ee728b)  -> (artifact id: '82a005b810170496957f8b9d8c48595d') in 0.100309 seconds 
  Import took 0.103278 seconds .

========================================================================
Received Import Request.
  Time since last request: 0.000252 seconds.
  path: Assets/Cartoon_Texture_Pack/GRASS/GRASS_Dense/GRASS_Dense_Tint_01/Materials/Grass_Dense_Tint_01_Leaves_A.mat
  artifactKey: Guid(91bf4af0f70ef3045a6215a4c90676dd) Importer(815301076,1909f56bfc062723c751e8b465ee728b)
Start importing Assets/Cartoon_Texture_Pack/GRASS/GRASS_Dense/GRASS_Dense_Tint_01/Materials/Grass_Dense_Tint_01_Leaves_A.mat using Guid(91bf4af0f70ef3045a6215a4c90676dd) Importer(815301076,1909f56bfc062723c751e8b465ee728b)  -> (artifact id: '4cd5e5409c2a087c96b83b9f3f71c1df') in 0.097528 seconds 
  Import took 0.099998 seconds .

========================================================================
Received Import Request.
  Time since last request: 0.000244 seconds.
  path: Assets/Cartoon_Texture_Pack/GRASS/GRASS_Dense/GRASS_Dense_Tint_01/Materials/Grass_Dense_Tint_01_Base_C.mat
  artifactKey: Guid(19daeccbc664d8141990dd03570ee008) Importer(815301076,1909f56bfc062723c751e8b465ee728b)
Start importing Assets/Cartoon_Texture_Pack/GRASS/GRASS_Dense/GRASS_Dense_Tint_01/Materials/Grass_Dense_Tint_01_Base_C.mat using Guid(19daeccbc664d8141990dd03570ee008) Importer(815301076,1909f56bfc062723c751e8b465ee728b)  -> (artifact id: '802d826eed6156d76f8fa2bd63236321') in 0.055619 seconds 
  Import took 0.058178 seconds .

========================================================================
Received Import Request.
  Time since last request: 0.000248 seconds.
  path: Assets/Cartoon_Texture_Pack/GRASS/GRASS_Dense/GRASS_Dense_Tint_01/Materials/Grass_Dense_Tint_01_Base_B.mat
  artifactKey: Guid(7cdafb159eb941a45ac8fb89a05295a9) Importer(815301076,1909f56bfc062723c751e8b465ee728b)
Start importing Assets/Cartoon_Texture_Pack/GRASS/GRASS_Dense/GRASS_Dense_Tint_01/Materials/Grass_Dense_Tint_01_Base_B.mat using Guid(7cdafb159eb941a45ac8fb89a05295a9) Importer(815301076,1909f56bfc062723c751e8b465ee728b)  -> (artifact id: '14ea8ff688c215e272e79effadc17bb3') in 0.057182 seconds 
  Import took 0.059844 seconds .

========================================================================
Received Import Request.
  Time since last request: 0.511683 seconds.
  path: Assets/Cartoon_Texture_Pack/GRASS/GRASS_Dense/GRASS_Dense_Tint_01/Textures/Grass_Dense_Tint_01_Base_AO.png
  artifactKey: Guid(613465bcd7292c04e9e22cb9c2b62711) Importer(815301076,1909f56bfc062723c751e8b465ee728b)
Start importing Assets/Cartoon_Texture_Pack/GRASS/GRASS_Dense/GRASS_Dense_Tint_01/Textures/Grass_Dense_Tint_01_Base_AO.png using Guid(613465bcd7292c04e9e22cb9c2b62711) Importer(815301076,1909f56bfc062723c751e8b465ee728b)  -> (artifact id: 'ccdbe6c8bd440e8fb5e23ec5b68a3023') in 0.054373 seconds 
  Import took 0.056523 seconds .

========================================================================
Received Import Request.
  Time since last request: 0.000214 seconds.
  path: Assets/Cartoon_Texture_Pack/GRASS/GRASS_Dense/GRASS_Dense_Tint_01/Textures/Grass_Dense_Tint_01_Leaves_B_Height.png
  artifactKey: Guid(8342664333482734c81dc32fe1b316f0) Importer(815301076,1909f56bfc062723c751e8b465ee728b)
Start importing Assets/Cartoon_Texture_Pack/GRASS/GRASS_Dense/GRASS_Dense_Tint_01/Textures/Grass_Dense_Tint_01_Leaves_B_Height.png using Guid(8342664333482734c81dc32fe1b316f0) Importer(815301076,1909f56bfc062723c751e8b465ee728b)  -> (artifact id: '639f6d55355d6590e21d5be2acab333a') in 0.018625 seconds 
  Import took 0.020898 seconds .

========================================================================
Received Import Request.
  Time since last request: 0.000235 seconds.
  path: Assets/Cartoon_Texture_Pack/GRASS/GRASS_Dense/GRASS_Dense_Tint_01/Textures/Grass_Dense_Tint_01_Leaves_A_Basecolor.png
  artifactKey: Guid(e65e8c6f286469944a22f2777d8e870c) Importer(815301076,1909f56bfc062723c751e8b465ee728b)
Start importing Assets/Cartoon_Texture_Pack/GRASS/GRASS_Dense/GRASS_Dense_Tint_01/Textures/Grass_Dense_Tint_01_Leaves_A_Basecolor.png using Guid(e65e8c6f286469944a22f2777d8e870c) Importer(815301076,1909f56bfc062723c751e8b465ee728b)  -> (artifact id: 'd9c8ef4c6bceeb9256eb506746ca2db9') in 0.031223 seconds 
  Import took 0.033334 seconds .

========================================================================
Received Import Request.
  Time since last request: 0.000176 seconds.
  path: Assets/Cartoon_Texture_Pack/GRASS/GRASS_Dense/GRASS_Dense_Tint_01/Textures/Grass_Dense_Tint_01_Leaves_A_Height.png
  artifactKey: Guid(1acd72c6baa7f814094ccf3696cab74a) Importer(815301076,1909f56bfc062723c751e8b465ee728b)
Start importing Assets/Cartoon_Texture_Pack/GRASS/GRASS_Dense/GRASS_Dense_Tint_01/Textures/Grass_Dense_Tint_01_Leaves_A_Height.png using Guid(1acd72c6baa7f814094ccf3696cab74a) Importer(815301076,1909f56bfc062723c751e8b465ee728b)  -> (artifact id: 'b40e6cfa61f196f974d39f01ca5cfcd8') in 0.023187 seconds 
  Import took 0.025019 seconds .

========================================================================
Received Import Request.
  Time since last request: 0.000310 seconds.
  path: Assets/Cartoon_Texture_Pack/GRASS/GRASS_Dense/GRASS_Dense_Tint_01/Textures/Grass_Dense_Tint_01_Base_Basecolor_B.png
  artifactKey: Guid(1acff9429044bf4469ddf77481156ff0) Importer(815301076,1909f56bfc062723c751e8b465ee728b)
Start importing Assets/Cartoon_Texture_Pack/GRASS/GRASS_Dense/GRASS_Dense_Tint_01/Textures/Grass_Dense_Tint_01_Base_Basecolor_B.png using Guid(1acff9429044bf4469ddf77481156ff0) Importer(815301076,1909f56bfc062723c751e8b465ee728b)  -> (artifact id: '08dd5a27ac7ba0822dd9d4c7388272ca') in 0.012637 seconds 
  Import took 0.014546 seconds .

========================================================================
Received Import Request.
  Time since last request: 0.000235 seconds.
  path: Assets/Cartoon_Texture_Pack/GRASS/GRASS_Dense/GRASS_Dense_Tint_01/Textures/Grass_Dense_Tint_01_Base_Normal.png
  artifactKey: Guid(8b6ec8cd3adbc7a45a52309309dff911) Importer(815301076,1909f56bfc062723c751e8b465ee728b)
Start importing Assets/Cartoon_Texture_Pack/GRASS/GRASS_Dense/GRASS_Dense_Tint_01/Textures/Grass_Dense_Tint_01_Base_Normal.png using Guid(8b6ec8cd3adbc7a45a52309309dff911) Importer(815301076,1909f56bfc062723c751e8b465ee728b)  -> (artifact id: 'a294b2582a3abf73754d1832e69fe87b') in 0.017361 seconds 
  Import took 0.019455 seconds .

========================================================================
Received Import Request.
  Time since last request: 0.000174 seconds.
  path: Assets/Cartoon_Texture_Pack/GRASS/GRASS_Dense/GRASS_Dense_Tint_01/Textures/Grass_Dense_Tint_01_Leaves_B_Metallic.png
  artifactKey: Guid(f08728fc48f69d043ade98c5d8bd7de8) Importer(815301076,1909f56bfc062723c751e8b465ee728b)
Start importing Assets/Cartoon_Texture_Pack/GRASS/GRASS_Dense/GRASS_Dense_Tint_01/Textures/Grass_Dense_Tint_01_Leaves_B_Metallic.png using Guid(f08728fc48f69d043ade98c5d8bd7de8) Importer(815301076,1909f56bfc062723c751e8b465ee728b)  -> (artifact id: 'f7916d5583b0cf241c33333337e25e68') in 0.010255 seconds 
  Import took 0.012257 seconds .

========================================================================
Received Import Request.
  Time since last request: 0.000284 seconds.
  path: Assets/Cartoon_Texture_Pack/GRASS/GRASS_Dense/GRASS_Dense_Tint_01/Textures/Grass_Dense_Tint_01_Leaves_A_AO.png
  artifactKey: Guid(438719456ebb7dc44b22000c4571a4ea) Importer(815301076,1909f56bfc062723c751e8b465ee728b)
Start importing Assets/Cartoon_Texture_Pack/GRASS/GRASS_Dense/GRASS_Dense_Tint_01/Textures/Grass_Dense_Tint_01_Leaves_A_AO.png using Guid(438719456ebb7dc44b22000c4571a4ea) Importer(815301076,1909f56bfc062723c751e8b465ee728b)  -> (artifact id: 'd98237257cc97a9805e7ee3662b3b484') in 0.010276 seconds 
  Import took 0.012374 seconds .

========================================================================
Received Import Request.
  Time since last request: 0.000237 seconds.
  path: Assets/Cartoon_Texture_Pack/GRASS/GRASS_Dense/GRASS_Dense_Tint_01/Textures/Grass_Dense_Tint_01_Leaves_B_Basecolor.png
  artifactKey: Guid(1d2634ee9f36b834980539d2a726ef75) Importer(815301076,1909f56bfc062723c751e8b465ee728b)
Start importing Assets/Cartoon_Texture_Pack/GRASS/GRASS_Dense/GRASS_Dense_Tint_01/Textures/Grass_Dense_Tint_01_Leaves_B_Basecolor.png using Guid(1d2634ee9f36b834980539d2a726ef75) Importer(815301076,1909f56bfc062723c751e8b465ee728b)  -> (artifact id: '8df7d46e12986a79ceb8ed287bf928d6') in 0.010835 seconds 
  Import took 0.012782 seconds .

========================================================================
Received Import Request.
  Time since last request: 0.000189 seconds.
  path: Assets/Cartoon_Texture_Pack/GRASS/GRASS_Dense/GRASS_Dense_Tint_01/Textures/Grass_Dense_Tint_01_Leaves_B_Normal.png
  artifactKey: Guid(0f84519bcde78484388818cad0da1439) Importer(815301076,1909f56bfc062723c751e8b465ee728b)
Start importing Assets/Cartoon_Texture_Pack/GRASS/GRASS_Dense/GRASS_Dense_Tint_01/Textures/Grass_Dense_Tint_01_Leaves_B_Normal.png using Guid(0f84519bcde78484388818cad0da1439) Importer(815301076,1909f56bfc062723c751e8b465ee728b)  -> (artifact id: '210f458a6d7f9a4541e56b880c0deb3c') in 0.011452 seconds 
  Import took 0.013514 seconds .

========================================================================
Received Import Request.
  Time since last request: 0.000244 seconds.
  path: Assets/Cartoon_Texture_Pack/GRASS/GRASS_Dense/GRASS_Dense_Tint_01/Textures/Grass_Dense_Tint_01_Base_Metallic.png
  artifactKey: Guid(8e04de8547435554b8c484ffb2af8cab) Importer(815301076,1909f56bfc062723c751e8b465ee728b)
Start importing Assets/Cartoon_Texture_Pack/GRASS/GRASS_Dense/GRASS_Dense_Tint_01/Textures/Grass_Dense_Tint_01_Base_Metallic.png using Guid(8e04de8547435554b8c484ffb2af8cab) Importer(815301076,1909f56bfc062723c751e8b465ee728b)  -> (artifact id: '79265af20e48d953a3639f16611baceb') in 0.010106 seconds 
  Import took 0.012137 seconds .

========================================================================
Received Import Request.
  Time since last request: 0.000187 seconds.
  path: Assets/Cartoon_Texture_Pack/GRASS/GRASS_Dense/GRASS_Dense_Tint_01/Textures/Grass_Dense_Tint_01_Leaves_A_Normal.png
  artifactKey: Guid(f857da3d8b701944baaf2af770407084) Importer(815301076,1909f56bfc062723c751e8b465ee728b)
Start importing Assets/Cartoon_Texture_Pack/GRASS/GRASS_Dense/GRASS_Dense_Tint_01/Textures/Grass_Dense_Tint_01_Leaves_A_Normal.png using Guid(f857da3d8b701944baaf2af770407084) Importer(815301076,1909f56bfc062723c751e8b465ee728b)  -> (artifact id: '3329997d94c6f11c6b39c09d89443c58') in 0.011369 seconds 
  Import took 0.013366 seconds .

========================================================================
Received Import Request.
  Time since last request: 0.000248 seconds.
  path: Assets/Cartoon_Texture_Pack/GRASS/GRASS_Dense/GRASS_Dense_Tint_01/Textures/Grass_Dense_Tint_01_Base_Basecolor_A.png
  artifactKey: Guid(819311b7a66a8f740b104cf9f9ffadf5) Importer(815301076,1909f56bfc062723c751e8b465ee728b)
Start importing Assets/Cartoon_Texture_Pack/GRASS/GRASS_Dense/GRASS_Dense_Tint_01/Textures/Grass_Dense_Tint_01_Base_Basecolor_A.png using Guid(819311b7a66a8f740b104cf9f9ffadf5) Importer(815301076,1909f56bfc062723c751e8b465ee728b)  -> (artifact id: '8526ebac95105e8494b6789f370eb77b') in 0.010764 seconds 
  Import took 0.012901 seconds .

========================================================================
Received Import Request.
  Time since last request: 0.000192 seconds.
  path: Assets/Cartoon_Texture_Pack/GRASS/GRASS_Dense/GRASS_Dense_Tint_01/Textures/Grass_Dense_Tint_01_Leaves_B_AO.png
  artifactKey: Guid(f7f1d2a9ada49584d83fd0238d35adb1) Importer(815301076,1909f56bfc062723c751e8b465ee728b)
Start importing Assets/Cartoon_Texture_Pack/GRASS/GRASS_Dense/GRASS_Dense_Tint_01/Textures/Grass_Dense_Tint_01_Leaves_B_AO.png using Guid(f7f1d2a9ada49584d83fd0238d35adb1) Importer(815301076,1909f56bfc062723c751e8b465ee728b)  -> (artifact id: '0fafee6455ceaac098eceb2ce5068b43') in 0.009133 seconds 
  Import took 0.011141 seconds .

========================================================================
Received Import Request.
  Time since last request: 0.000254 seconds.
  path: Assets/Cartoon_Texture_Pack/GRASS/GRASS_Dense/GRASS_Dense_Tint_01/Textures/Grass_Dense_Tint_01_Leaves_A_Metallic.png
  artifactKey: Guid(2391acbc368b2784f8b045f39a947221) Importer(815301076,1909f56bfc062723c751e8b465ee728b)
Start importing Assets/Cartoon_Texture_Pack/GRASS/GRASS_Dense/GRASS_Dense_Tint_01/Textures/Grass_Dense_Tint_01_Leaves_A_Metallic.png using Guid(2391acbc368b2784f8b045f39a947221) Importer(815301076,1909f56bfc062723c751e8b465ee728b)  -> (artifact id: '63fac240123dcc4db4ce8e3301f01f1b') in 0.010362 seconds 
  Import took 0.012511 seconds .

========================================================================
Received Import Request.
  Time since last request: 0.000128 seconds.
  path: Assets/Cartoon_Texture_Pack/GRASS/GRASS_Dense/GRASS_Dense_Tint_01/Textures/Grass_Dense_Tint_01_Base_Height.png
  artifactKey: Guid(37c1e9a27bd81b34394f21e47a60898d) Importer(815301076,1909f56bfc062723c751e8b465ee728b)
Start importing Assets/Cartoon_Texture_Pack/GRASS/GRASS_Dense/GRASS_Dense_Tint_01/Textures/Grass_Dense_Tint_01_Base_Height.png using Guid(37c1e9a27bd81b34394f21e47a60898d) Importer(815301076,1909f56bfc062723c751e8b465ee728b)  -> (artifact id: 'b19144e93ea4bc761ce689b521e12a5d') in 0.009255 seconds 
  Import took 0.011488 seconds .

========================================================================
Received Import Request.
  Time since last request: 0.000286 seconds.
  path: Assets/Cartoon_Texture_Pack/GRASS/GRASS_Dense/GRASS_Dense_Tint_01/Textures/Grass_Dense_Tint_01_Base_Basecolor_C.png
  artifactKey: Guid(84a0082a671cb3642819cc69b89b9353) Importer(815301076,1909f56bfc062723c751e8b465ee728b)
Start importing Assets/Cartoon_Texture_Pack/GRASS/GRASS_Dense/GRASS_Dense_Tint_01/Textures/Grass_Dense_Tint_01_Base_Basecolor_C.png using Guid(84a0082a671cb3642819cc69b89b9353) Importer(815301076,1909f56bfc062723c751e8b465ee728b)  -> (artifact id: '5fb3930dba060863ecbf92f00044c21e') in 0.010332 seconds 
  Import took 0.012769 seconds .

========================================================================
Received Import Request.
  Time since last request: 697.064723 seconds.
  path: Assets/Cartoon_Texture_Pack/WALLS/WALL_Bricks/Materials/Wall_Brick_A.mat
  artifactKey: Guid(57affabf9cc8f1443a25f2ff280d83a8) Importer(815301076,1909f56bfc062723c751e8b465ee728b)
Start importing Assets/Cartoon_Texture_Pack/WALLS/WALL_Bricks/Materials/Wall_Brick_A.mat using Guid(57affabf9cc8f1443a25f2ff280d83a8) Importer(815301076,1909f56bfc062723c751e8b465ee728b)  -> (artifact id: 'deea98d22d8b52b7bdd16879a136da73') in 0.098377 seconds 
  Import took 0.101570 seconds .

========================================================================
Received Import Request.
  Time since last request: 0.000271 seconds.
  path: Assets/Cartoon_Texture_Pack/WALLS/WALL_Bricks/Materials/Wall_Brick_D.mat
  artifactKey: Guid(99c80548b1df7044281ddaed1d658ead) Importer(815301076,1909f56bfc062723c751e8b465ee728b)
Start importing Assets/Cartoon_Texture_Pack/WALLS/WALL_Bricks/Materials/Wall_Brick_D.mat using Guid(99c80548b1df7044281ddaed1d658ead) Importer(815301076,1909f56bfc062723c751e8b465ee728b)  -> (artifact id: '1b0c9f5d24455366a7b4d776f9a9c9d0') in 0.060111 seconds 
  Import took 0.062809 seconds .

========================================================================
Received Import Request.
  Time since last request: 0.000267 seconds.
  path: Assets/Cartoon_Texture_Pack/WALLS/WALL_Bricks/Materials/Wall_Brick_C.mat
  artifactKey: Guid(3a5e74c1ed8337d4cbfafd0490ba8951) Importer(815301076,1909f56bfc062723c751e8b465ee728b)
Start importing Assets/Cartoon_Texture_Pack/WALLS/WALL_Bricks/Materials/Wall_Brick_C.mat using Guid(3a5e74c1ed8337d4cbfafd0490ba8951) Importer(815301076,1909f56bfc062723c751e8b465ee728b)  -> (artifact id: 'c5d6e2aa113496a8e7bf3481bc092ebd') in 0.057828 seconds 
  Import took 0.060246 seconds .

========================================================================
Received Import Request.
  Time since last request: 0.000217 seconds.
  path: Assets/Cartoon_Texture_Pack/WALLS/WALL_Bricks/Materials/Wall_Brick_B.mat
  artifactKey: Guid(e429c8ff9e485574b8aa09ee44b4da19) Importer(815301076,1909f56bfc062723c751e8b465ee728b)
Start importing Assets/Cartoon_Texture_Pack/WALLS/WALL_Bricks/Materials/Wall_Brick_B.mat using Guid(e429c8ff9e485574b8aa09ee44b4da19) Importer(815301076,1909f56bfc062723c751e8b465ee728b)  -> (artifact id: '4c81c340e93518f5f22517090c5a16ae') in 0.054485 seconds 
  Import took 0.056909 seconds .

========================================================================
Received Import Request.
  Time since last request: 514.867925 seconds.
  path: Assets/Cartoon_Texture_Pack/_MaterialLibrary/Material_Library_Reference.png
  artifactKey: Guid(3a6463e0803a8e845b99b863dde00116) Importer(815301076,1909f56bfc062723c751e8b465ee728b)
Start importing Assets/Cartoon_Texture_Pack/_MaterialLibrary/Material_Library_Reference.png using Guid(3a6463e0803a8e845b99b863dde00116) Importer(815301076,1909f56bfc062723c751e8b465ee728b)  -> (artifact id: '2ff9d685e99746815e24846c91749d0d') in 0.021199 seconds 
  Import took 0.024191 seconds .

========================================================================
Received Import Request.
  Time since last request: 0.000291 seconds.
  path: Assets/Cartoon_Texture_Pack/_MaterialLibrary/Presentation_Sphere.FBX
  artifactKey: Guid(794f0e9f14d08e0429b8fcc936e4e6b9) Importer(815301076,1909f56bfc062723c751e8b465ee728b)
Start importing Assets/Cartoon_Texture_Pack/_MaterialLibrary/Presentation_Sphere.FBX using Guid(794f0e9f14d08e0429b8fcc936e4e6b9) Importer(815301076,1909f56bfc062723c751e8b465ee728b)  -> (artifact id: 'ec2c3e5f889b985220397162a5cbe105') in 0.049467 seconds 
  Import took 0.051887 seconds .

========================================================================
Received Import Request.
  Time since last request: 2.729051 seconds.
  path: Assets/Cartoon_Texture_Pack/DIRT/Dirt_Path/Textures/Dirt_Path_AO.png
  artifactKey: Guid(0fd2da29303ebcb4cb50ad1cccf7f097) Importer(815301076,1909f56bfc062723c751e8b465ee728b)
Start importing Assets/Cartoon_Texture_Pack/DIRT/Dirt_Path/Textures/Dirt_Path_AO.png using Guid(0fd2da29303ebcb4cb50ad1cccf7f097) Importer(815301076,1909f56bfc062723c751e8b465ee728b)  -> (artifact id: '17b669a8cc10a9ba9e0e2ad3f0c642e1') in 0.016922 seconds 
  Import took 0.019016 seconds .

========================================================================
Received Import Request.
  Time since last request: 0.000247 seconds.
  path: Assets/Cartoon_Texture_Pack/DIRT/Dirt_Path/Textures/Dirt_Path_Basecolor.png
  artifactKey: Guid(c2e975e8a074dff45aee75e580a54344) Importer(815301076,1909f56bfc062723c751e8b465ee728b)
Start importing Assets/Cartoon_Texture_Pack/DIRT/Dirt_Path/Textures/Dirt_Path_Basecolor.png using Guid(c2e975e8a074dff45aee75e580a54344) Importer(815301076,1909f56bfc062723c751e8b465ee728b)  -> (artifact id: '16211a44028e953a380872e848fa6dc0') in 0.021926 seconds 
  Import took 0.023891 seconds .

========================================================================
Received Import Request.
  Time since last request: 0.000177 seconds.
  path: Assets/Cartoon_Texture_Pack/DIRT/Dirt_Path/Textures/Dirt_Path_Height.png
  artifactKey: Guid(97df09d6b5a195f438ae4c5dba98341b) Importer(815301076,1909f56bfc062723c751e8b465ee728b)
Start importing Assets/Cartoon_Texture_Pack/DIRT/Dirt_Path/Textures/Dirt_Path_Height.png using Guid(97df09d6b5a195f438ae4c5dba98341b) Importer(815301076,1909f56bfc062723c751e8b465ee728b)  -> (artifact id: '530925edbcb8d4df7cc406970d8929c9') in 0.013804 seconds 
  Import took 0.015910 seconds .

========================================================================
Received Import Request.
  Time since last request: 0.000228 seconds.
  path: Assets/Cartoon_Texture_Pack/DIRT/Dirt_Path/Textures/Dirt_Path_Normal.png
  artifactKey: Guid(48c3f9bf0c6c95b4e8a00c6b9a8162be) Importer(815301076,1909f56bfc062723c751e8b465ee728b)
Start importing Assets/Cartoon_Texture_Pack/DIRT/Dirt_Path/Textures/Dirt_Path_Normal.png using Guid(48c3f9bf0c6c95b4e8a00c6b9a8162be) Importer(815301076,1909f56bfc062723c751e8b465ee728b)  -> (artifact id: 'f4aaaf6713f9d29131f0aec34854e669') in 0.018136 seconds 
  Import took 0.020360 seconds .

========================================================================
Received Import Request.
  Time since last request: 0.000234 seconds.
  path: Assets/Cartoon_Texture_Pack/DIRT/Dirt_Path/Textures/Dirt_Path_Metallic.png
  artifactKey: Guid(ae87662110a99a64d80a0cb0171f7d5e) Importer(815301076,1909f56bfc062723c751e8b465ee728b)
Start importing Assets/Cartoon_Texture_Pack/DIRT/Dirt_Path/Textures/Dirt_Path_Metallic.png using Guid(ae87662110a99a64d80a0cb0171f7d5e) Importer(815301076,1909f56bfc062723c751e8b465ee728b)  -> (artifact id: 'ecc7e32beb83af627fea1d1873fdad7e') in 0.024516 seconds 
  Import took 0.026479 seconds .

========================================================================
Received Import Request.
  Time since last request: 20.747885 seconds.
  path: Assets/Cartoon_Texture_Pack/ROCKS/ROCKS_Volcanic/Textures/Rock_Volcanic_A_AO.png
  artifactKey: Guid(533fe4c6aee079c4686814301cc9f758) Importer(815301076,1909f56bfc062723c751e8b465ee728b)
Start importing Assets/Cartoon_Texture_Pack/ROCKS/ROCKS_Volcanic/Textures/Rock_Volcanic_A_AO.png using Guid(533fe4c6aee079c4686814301cc9f758) Importer(815301076,1909f56bfc062723c751e8b465ee728b)  -> (artifact id: '99988cdaa07fec395752d24b5037ce53') in 0.023760 seconds 
  Import took 0.025928 seconds .

========================================================================
Received Import Request.
  Time since last request: 0.000218 seconds.
  path: Assets/Cartoon_Texture_Pack/ROCKS/ROCKS_Volcanic/Textures/Rock_Volcanic_C_Metallic.png
  artifactKey: Guid(6f6d30f2b1eb4e04e8e9277f5fe0fde4) Importer(815301076,1909f56bfc062723c751e8b465ee728b)
Start importing Assets/Cartoon_Texture_Pack/ROCKS/ROCKS_Volcanic/Textures/Rock_Volcanic_C_Metallic.png using Guid(6f6d30f2b1eb4e04e8e9277f5fe0fde4) Importer(815301076,1909f56bfc062723c751e8b465ee728b)  -> (artifact id: '4593fe333786fa7014cb4157bbb22dd4') in 0.037137 seconds 
  Import took 0.039022 seconds .

========================================================================
Received Import Request.
  Time since last request: 0.000230 seconds.
  path: Assets/Cartoon_Texture_Pack/ROCKS/ROCKS_Volcanic/Textures/Rock_Volcanic_B_Metallic.png
  artifactKey: Guid(1429a2df3b1722e4e8a9d61ccab2895e) Importer(815301076,1909f56bfc062723c751e8b465ee728b)
Start importing Assets/Cartoon_Texture_Pack/ROCKS/ROCKS_Volcanic/Textures/Rock_Volcanic_B_Metallic.png using Guid(1429a2df3b1722e4e8a9d61ccab2895e) Importer(815301076,1909f56bfc062723c751e8b465ee728b)  -> (artifact id: '55ff98fc881141bc12b683cd0a5972d3') in 0.036538 seconds 
  Import took 0.038773 seconds .

========================================================================
Received Import Request.
  Time since last request: 0.000314 seconds.
  path: Assets/Cartoon_Texture_Pack/ROCKS/ROCKS_Volcanic/Textures/Rock_Volcanic_B_Normal.png
  artifactKey: Guid(1230e8b59470d3f44ab4f69c009911f5) Importer(815301076,1909f56bfc062723c751e8b465ee728b)
Start importing Assets/Cartoon_Texture_Pack/ROCKS/ROCKS_Volcanic/Textures/Rock_Volcanic_B_Normal.png using Guid(1230e8b59470d3f44ab4f69c009911f5) Importer(815301076,1909f56bfc062723c751e8b465ee728b)  -> (artifact id: 'b77f0d2ebc3e77dbef189a8080f48fbe') in 0.035322 seconds 
  Import took 0.037684 seconds .

========================================================================
Received Import Request.
  Time since last request: 0.000280 seconds.
  path: Assets/Cartoon_Texture_Pack/ROCKS/ROCKS_Volcanic/Textures/Rock_Volcanic_C_Normal.png
  artifactKey: Guid(deca3a760cbc7544a905fd00cdef71e9) Importer(815301076,1909f56bfc062723c751e8b465ee728b)
Start importing Assets/Cartoon_Texture_Pack/ROCKS/ROCKS_Volcanic/Textures/Rock_Volcanic_C_Normal.png using Guid(deca3a760cbc7544a905fd00cdef71e9) Importer(815301076,1909f56bfc062723c751e8b465ee728b)  -> (artifact id: 'cecba68574b5d8452f0d5980f6e8f668') in 0.037936 seconds 
  Import took 0.040235 seconds .

========================================================================
Received Import Request.
  Time since last request: 0.000156 seconds.
  path: Assets/Cartoon_Texture_Pack/ROCKS/ROCKS_Volcanic/Textures/Rock_Volcanic_A_Normal.png
  artifactKey: Guid(f0fb6f72ba4e0414bbbe1b2e0f36de34) Importer(815301076,1909f56bfc062723c751e8b465ee728b)
Start importing Assets/Cartoon_Texture_Pack/ROCKS/ROCKS_Volcanic/Textures/Rock_Volcanic_A_Normal.png using Guid(f0fb6f72ba4e0414bbbe1b2e0f36de34) Importer(815301076,1909f56bfc062723c751e8b465ee728b)  -> (artifact id: '13c144c936a8f172ebc80beebc056db4') in 0.033911 seconds 
  Import took 0.035812 seconds .

========================================================================
Received Import Request.
  Time since last request: 0.000247 seconds.
  path: Assets/Cartoon_Texture_Pack/ROCKS/ROCKS_Volcanic/Textures/Rock_Volcanic_B_Height.png
  artifactKey: Guid(a6f167dc505027a479fdb4969858ef6a) Importer(815301076,1909f56bfc062723c751e8b465ee728b)
Start importing Assets/Cartoon_Texture_Pack/ROCKS/ROCKS_Volcanic/Textures/Rock_Volcanic_B_Height.png using Guid(a6f167dc505027a479fdb4969858ef6a) Importer(815301076,1909f56bfc062723c751e8b465ee728b)  -> (artifact id: '2c893e06328732b794fcd5f019ac9054') in 0.027129 seconds 
  Import took 0.029095 seconds .

========================================================================
Received Import Request.
  Time since last request: 0.000215 seconds.
  path: Assets/Cartoon_Texture_Pack/ROCKS/ROCKS_Volcanic/Textures/Rock_Volcanic_C_Basecolor.png
  artifactKey: Guid(feea2cf97829c484a9cecfa8a63aba3e) Importer(815301076,1909f56bfc062723c751e8b465ee728b)
Start importing Assets/Cartoon_Texture_Pack/ROCKS/ROCKS_Volcanic/Textures/Rock_Volcanic_C_Basecolor.png using Guid(feea2cf97829c484a9cecfa8a63aba3e) Importer(815301076,1909f56bfc062723c751e8b465ee728b)  -> (artifact id: '0a362ccce438d41a4164989505ae743b') in 0.025140 seconds 
  Import took 0.027575 seconds .

========================================================================
Received Import Request.
  Time since last request: 0.000159 seconds.
  path: Assets/Cartoon_Texture_Pack/ROCKS/ROCKS_Volcanic/Textures/Rock_Volcanic_B_AO.png
  artifactKey: Guid(8cc1a113738325b43824b069520b2a85) Importer(815301076,1909f56bfc062723c751e8b465ee728b)
Start importing Assets/Cartoon_Texture_Pack/ROCKS/ROCKS_Volcanic/Textures/Rock_Volcanic_B_AO.png using Guid(8cc1a113738325b43824b069520b2a85) Importer(815301076,1909f56bfc062723c751e8b465ee728b)  -> (artifact id: '43bc825bcabd2571d59bba647f1ba33e') in 0.026508 seconds 
  Import took 0.028936 seconds .

========================================================================
Received Import Request.
  Time since last request: 0.000219 seconds.
  path: Assets/Cartoon_Texture_Pack/ROCKS/ROCKS_Volcanic/Textures/Rock_Volcanic_B_Basecolor.png
  artifactKey: Guid(851df1e5bd5100d4cb745a2dfcb4e46e) Importer(815301076,1909f56bfc062723c751e8b465ee728b)
Start importing Assets/Cartoon_Texture_Pack/ROCKS/ROCKS_Volcanic/Textures/Rock_Volcanic_B_Basecolor.png using Guid(851df1e5bd5100d4cb745a2dfcb4e46e) Importer(815301076,1909f56bfc062723c751e8b465ee728b)  -> (artifact id: '5a7d69cff8967eda7361eb3bb5aaa782') in 0.025045 seconds 
  Import took 0.027001 seconds .

========================================================================
Received Import Request.
  Time since last request: 0.000205 seconds.
  path: Assets/Cartoon_Texture_Pack/ROCKS/ROCKS_Volcanic/Textures/Rock_Volcanic_A_Basecolor.png
  artifactKey: Guid(9ffff4db623f26d4986ce44d12d8f813) Importer(815301076,1909f56bfc062723c751e8b465ee728b)
Start importing Assets/Cartoon_Texture_Pack/ROCKS/ROCKS_Volcanic/Textures/Rock_Volcanic_A_Basecolor.png using Guid(9ffff4db623f26d4986ce44d12d8f813) Importer(815301076,1909f56bfc062723c751e8b465ee728b)  -> (artifact id: 'ce4ff4d9744ce28e9671a43bd1592a42') in 0.025789 seconds 
  Import took 0.028132 seconds .

========================================================================
Received Import Request.
  Time since last request: 0.000220 seconds.
  path: Assets/Cartoon_Texture_Pack/ROCKS/ROCKS_Volcanic/Textures/Rock_Volcanic_C_AO.png
  artifactKey: Guid(510237fea2ab4704ab5c5a0b5946020a) Importer(815301076,1909f56bfc062723c751e8b465ee728b)
Start importing Assets/Cartoon_Texture_Pack/ROCKS/ROCKS_Volcanic/Textures/Rock_Volcanic_C_AO.png using Guid(510237fea2ab4704ab5c5a0b5946020a) Importer(815301076,1909f56bfc062723c751e8b465ee728b)  -> (artifact id: 'bb4cee96f82eb403e7470bb1d70a687d') in 0.023019 seconds 
  Import took 0.025190 seconds .

========================================================================
Received Import Request.
  Time since last request: 0.000276 seconds.
  path: Assets/Cartoon_Texture_Pack/ROCKS/ROCKS_Volcanic/Textures/Rock_Volcanic_C_Height.png
  artifactKey: Guid(fc7bf058101db524e9667f074d338ab2) Importer(815301076,1909f56bfc062723c751e8b465ee728b)
Start importing Assets/Cartoon_Texture_Pack/ROCKS/ROCKS_Volcanic/Textures/Rock_Volcanic_C_Height.png using Guid(fc7bf058101db524e9667f074d338ab2) Importer(815301076,1909f56bfc062723c751e8b465ee728b)  -> (artifact id: '02ab4a9aa6aad2bc661592a21355456e') in 0.023329 seconds 
  Import took 0.025400 seconds .

========================================================================
Received Import Request.
  Time since last request: 0.000192 seconds.
  path: Assets/Cartoon_Texture_Pack/ROCKS/ROCKS_Volcanic/Textures/Rock_Volcanic_A_Metallic.png
  artifactKey: Guid(4aa9a49b00978264f83fd397c6d8ea6f) Importer(815301076,1909f56bfc062723c751e8b465ee728b)
Start importing Assets/Cartoon_Texture_Pack/ROCKS/ROCKS_Volcanic/Textures/Rock_Volcanic_A_Metallic.png using Guid(4aa9a49b00978264f83fd397c6d8ea6f) Importer(815301076,1909f56bfc062723c751e8b465ee728b)  -> (artifact id: '567280da387599406ab4bff460716e5f') in 0.029448 seconds 
  Import took 0.031389 seconds .

========================================================================
Received Import Request.
  Time since last request: 0.000280 seconds.
  path: Assets/Cartoon_Texture_Pack/ROCKS/ROCKS_Volcanic/Textures/Rock_Volcanic_A_Height.png
  artifactKey: Guid(10ceb76f10e300747a3e1be3c35f64c5) Importer(815301076,1909f56bfc062723c751e8b465ee728b)
Start importing Assets/Cartoon_Texture_Pack/ROCKS/ROCKS_Volcanic/Textures/Rock_Volcanic_A_Height.png using Guid(10ceb76f10e300747a3e1be3c35f64c5) Importer(815301076,1909f56bfc062723c751e8b465ee728b)  -> (artifact id: '7ac246b22386b15f26a0238c9d0eda8b') in 0.021227 seconds 
  Import took 0.023247 seconds .

AssetImportWorkerClient::OnTransportError - code=2 error=End of file
